<?xml version="1.0" encoding="UTF-8"?>
<!-- Generated by org.testng.reporters.JUnitReportReporter -->
<testsuite hostname="ThinkPad-E14" failures="0" tests="5" name="com.assesment.pirate" time="14.584" errors="0" timestamp="13 Aug 2023 07:51:00 GMT">
  <testcase classname="com.assesment.pirate" name="test_check_query_input_and_search_button_existence" time="3.198"/>
  <testcase classname="com.assesment.pirate" name="test_check_query_for_isla_returns_at_least_one_result" time="3.563"/>
  <testcase classname="com.assesment.pirate" name="test_check_feedback_for_no_results" time="2.174"/>
  <testcase classname="com.assesment.pirate" name="test_check_results_match_query" time="2.631"/>
  <testcase classname="com.assesment.pirate" name="test_check_search_with_empty_query" time="3.018"/>
</testsuite> <!-- com.assesment.pirate -->
